app/build/intermediates/manifest_merge_blame_file/debug/manifest-merger-blame-debug-report.txt
1<?xml version="1.0" encoding="utf-8"?>
2<manifest xmlns:android="http://schemas.android.com/apk/res/android"
3    package="com.example.clockapp"
4    android:versionCode="1"
5    android:versionName="1.0" >
6
7    <uses-sdk
8        android:minSdkVersion="21"
9        android:targetSdkVersion="34" />
10
11    <uses-permission android:name="android.permission.INTERNET" />
11-->src/main/AndroidManifest.xml:4:5-67
11-->src/main/AndroidManifest.xml:4:22-64
12
13    <!-- TV: touchscreen não é obrigatório -->
14    <uses-feature
14-->src/main/AndroidManifest.xml:7:5-90
15        android:name="android.hardware.touchscreen"
15-->src/main/AndroidManifest.xml:7:19-62
16        android:required="false" />
16-->src/main/AndroidManifest.xml:7:63-87
17    <!-- Indica suporte a Leanback (Android TV / Google TV) -->
18    <uses-feature
18-->src/main/AndroidManifest.xml:9:5-87
19        android:name="android.software.leanback"
19-->src/main/AndroidManifest.xml:9:19-59
20        android:required="false" />
20-->src/main/AndroidManifest.xml:9:60-84
21
22    <uses-permission android:name="android.permission.ACCESS_NETWORK_STATE" />
22-->[androidx.media3:media3-exoplayer:1.3.1] AndroidManifest.xml:22:5-79
22-->[androidx.media3:media3-exoplayer:1.3.1] AndroidManifest.xml:22:22-76
23
24    <permission
24-->[androidx.core:core:1.9.0] AndroidManifest.xml:22:5-24:47
25        android:name="com.example.clockapp.DYNAMIC_RECEIVER_NOT_EXPORTED_PERMISSION"
25-->[androidx.core:core:1.9.0] AndroidManifest.xml:23:9-81
26        android:protectionLevel="signature" />
26-->[androidx.core:core:1.9.0] AndroidManifest.xml:24:9-44
27
28    <uses-permission android:name="com.example.clockapp.DYNAMIC_RECEIVER_NOT_EXPORTED_PERMISSION" />
28-->[androidx.core:core:1.9.0] AndroidManifest.xml:26:5-97
28-->[androidx.core:core:1.9.0] AndroidManifest.xml:26:22-94
29
30    <application
30-->src/main/AndroidManifest.xml:11:5-54:19
31        android:appComponentFactory="androidx.core.app.CoreComponentFactory"
31-->[androidx.core:core:1.9.0] AndroidManifest.xml:28:18-86
32        android:banner="@drawable/tv_banner"
32-->src/main/AndroidManifest.xml:15:9-45
33        android:debuggable="true"
34        android:extractNativeLibs="true"
35        android:icon="@mipmap/ic_launcher"
35-->src/main/AndroidManifest.xml:13:9-43
36        android:label="IPTV"
36-->src/main/AndroidManifest.xml:12:9-29
37        android:roundIcon="@mipmap/ic_launcher_round"
37-->src/main/AndroidManifest.xml:14:9-54
38        android:theme="@style/AppTheme"
38-->src/main/AndroidManifest.xml:16:9-40
39        android:usesCleartextTraffic="true" >
39-->src/main/AndroidManifest.xml:17:9-44
40
41        <!-- Entrada para smartphones (launcher normal) -->
42        <activity
42-->src/main/AndroidManifest.xml:20:9-28:20
43            android:name="com.example.clockapp.MainActivity"
43-->src/main/AndroidManifest.xml:21:13-41
44            android:exported="true"
44-->src/main/AndroidManifest.xml:22:13-36
45            android:screenOrientation="landscape" >
45-->src/main/AndroidManifest.xml:23:13-50
46            <intent-filter>
46-->src/main/AndroidManifest.xml:24:13-27:29
47                <action android:name="android.intent.action.MAIN" />
47-->src/main/AndroidManifest.xml:25:17-69
47-->src/main/AndroidManifest.xml:25:25-66
48
49                <category android:name="android.intent.category.LAUNCHER" />
49-->src/main/AndroidManifest.xml:26:17-77
49-->src/main/AndroidManifest.xml:26:27-74
50            </intent-filter>
51        </activity>
52        <activity
52-->src/main/AndroidManifest.xml:30:9-34:125
53            android:name="com.example.clockapp.PlayerActivity"
53-->src/main/AndroidManifest.xml:31:13-43
54            android:configChanges="keyboard|keyboardHidden|orientation|screenSize|screenLayout|smallestScreenSize|uiMode"
54-->src/main/AndroidManifest.xml:34:13-122
55            android:exported="false"
55-->src/main/AndroidManifest.xml:32:13-37
56            android:screenOrientation="landscape" />
56-->src/main/AndroidManifest.xml:33:13-50
57
58        <!-- Entrada para Android TV / Google TV (leanback launcher) -->
59        <activity
59-->src/main/AndroidManifest.xml:37:9-46:20
60            android:name="com.example.clockapp.TvMainActivity"
60-->src/main/AndroidManifest.xml:38:13-43
61            android:configChanges="keyboard|keyboardHidden|orientation|screenSize|screenLayout|smallestScreenSize|uiMode"
61-->src/main/AndroidManifest.xml:41:13-122
62            android:exported="true"
62-->src/main/AndroidManifest.xml:39:13-36
63            android:screenOrientation="sensorLandscape" >
63-->src/main/AndroidManifest.xml:40:13-56
64            <intent-filter>
64-->src/main/AndroidManifest.xml:42:13-45:29
65                <action android:name="android.intent.action.MAIN" />
65-->src/main/AndroidManifest.xml:25:17-69
65-->src/main/AndroidManifest.xml:25:25-66
66
67                <category android:name="android.intent.category.LEANBACK_LAUNCHER" />
67-->src/main/AndroidManifest.xml:44:17-86
67-->src/main/AndroidManifest.xml:44:27-83
68            </intent-filter>
69        </activity>
70        <activity
70-->src/main/AndroidManifest.xml:48:9-52:125
71            android:name="com.example.clockapp.TvPlayerActivity"
71-->src/main/AndroidManifest.xml:49:13-45
72            android:configChanges="keyboard|keyboardHidden|orientation|screenSize|screenLayout|smallestScreenSize|uiMode"
72-->src/main/AndroidManifest.xml:52:13-122
73            android:exported="false"
73-->src/main/AndroidManifest.xml:50:13-37
74            android:screenOrientation="sensorLandscape" />
74-->src/main/AndroidManifest.xml:51:13-56
75
76        <provider
76-->[com.squareup.picasso:picasso:2.8] AndroidManifest.xml:8:9-11:40
77            android:name="com.squareup.picasso.PicassoProvider"
77-->[com.squareup.picasso:picasso:2.8] AndroidManifest.xml:9:13-64
78            android:authorities="com.example.clockapp.com.squareup.picasso"
78-->[com.squareup.picasso:picasso:2.8] AndroidManifest.xml:10:13-72
79            android:exported="false" />
79-->[com.squareup.picasso:picasso:2.8] AndroidManifest.xml:11:13-37
80        <provider
80-->[androidx.emoji2:emoji2:1.2.0] AndroidManifest.xml:24:9-32:20
81            android:name="androidx.startup.InitializationProvider"
81-->[androidx.emoji2:emoji2:1.2.0] AndroidManifest.xml:25:13-67
82            android:authorities="com.example.clockapp.androidx-startup"
82-->[androidx.emoji2:emoji2:1.2.0] AndroidManifest.xml:26:13-68
83            android:exported="false" >
83-->[androidx.emoji2:emoji2:1.2.0] AndroidManifest.xml:27:13-37
84            <meta-data
84-->[androidx.emoji2:emoji2:1.2.0] AndroidManifest.xml:29:13-31:52
85                android:name="androidx.emoji2.text.EmojiCompatInitializer"
85-->[androidx.emoji2:emoji2:1.2.0] AndroidManifest.xml:30:17-75
86                android:value="androidx.startup" />
86-->[androidx.emoji2:emoji2:1.2.0] AndroidManifest.xml:31:17-49
87            <meta-data
87-->[androidx.lifecycle:lifecycle-process:2.4.1] AndroidManifest.xml:31:13-33:52
88                android:name="androidx.lifecycle.ProcessLifecycleInitializer"
88-->[androidx.lifecycle:lifecycle-process:2.4.1] AndroidManifest.xml:32:17-78
89                android:value="androidx.startup" />
89-->[androidx.lifecycle:lifecycle-process:2.4.1] AndroidManifest.xml:33:17-49
90        </provider>
91    </application>
92
93</manifest>